[INFO  - 2019-02-16T17:56:12.632Z] GhostDriver - Main - running on port 57741
[INFO  - 2019-02-16T17:56:16.774Z] Session [28413e90-3214-11e9-9350-077792b0775c] - page.settings - {"XSSAuditingEnabled":false,"javascriptCanCloseWindows":true,"javascriptCanOpenWindows":true,"javascriptEnabled":true,"loadImages":true,"localToRemoteUrlAccessEnabled":false,"userAgent":"Mozilla/5.0 (Windows NT 6.2; WOW64) AppleWebKit/538.1 (KHTML, like Gecko) PhantomJS/2.1.1 Safari/538.1","webSecurityEnabled":true}
[INFO  - 2019-02-16T17:56:16.775Z] Session [28413e90-3214-11e9-9350-077792b0775c] - page.customHeaders:  - {}
[INFO  - 2019-02-16T17:56:16.775Z] Session [28413e90-3214-11e9-9350-077792b0775c] - Session.negotiatedCapabilities - {"browserName":"phantomjs","version":"2.1.1","driverName":"ghostdriver","driverVersion":"1.2.0","platform":"windows-10-32bit","javascriptEnabled":true,"takesScreenshot":true,"handlesAlerts":false,"databaseEnabled":false,"locationContextEnabled":false,"applicationCacheEnabled":false,"browserConnectionEnabled":false,"cssSelectorsEnabled":true,"webStorageEnabled":false,"rotatable":false,"acceptSslCerts":false,"nativeEvents":true,"proxy":{"proxyType":"direct"}}
[INFO  - 2019-02-16T17:56:16.775Z] SessionManagerReqHand - _postNewSessionCommand - New Session Created: 28413e90-3214-11e9-9350-077792b0775c
[INFO  - 2019-02-16T18:01:12.777Z] SessionManagerReqHand - _cleanupWindowlessSessions - Asynchronous Sessions clean-up phase starting NOW
[ERROR - 2019-02-16T18:05:19.877Z] Session [28413e90-3214-11e9-9350-077792b0775c] - page.onError - msg: SyntaxError: Unexpected token '>'

  phantomjs://platform/console++.js:263 in error
[ERROR - 2019-02-16T18:05:19.877Z] Session [28413e90-3214-11e9-9350-077792b0775c] - page.onError - stack:
  eval (https://mathjax.zybooks.com/2.7.5/MathJax.js?config=TeX-AMS-MML_HTMLorMML:19)
  EVAL (https://mathjax.zybooks.com/2.7.5/MathJax.js?config=TeX-AMS-MML_HTMLorMML:19)
  execute (https://mathjax.zybooks.com/2.7.5/MathJax.js?config=TeX-AMS-MML_HTMLorMML:19)
  cb (https://mathjax.zybooks.com/2.7.5/MathJax.js?config=TeX-AMS-MML_HTMLorMML:19)
  Process (https://mathjax.zybooks.com/2.7.5/MathJax.js?config=TeX-AMS-MML_HTMLorMML:19)
  call (https://mathjax.zybooks.com/2.7.5/MathJax.js?config=TeX-AMS-MML_HTMLorMML:19)
  WAITEXECUTE (https://mathjax.zybooks.com/2.7.5/MathJax.js?config=TeX-AMS-MML_HTMLorMML:19)
  cb (https://mathjax.zybooks.com/2.7.5/MathJax.js?config=TeX-AMS-MML_HTMLorMML:19)
  Execute (https://mathjax.zybooks.com/2.7.5/MathJax.js?config=TeX-AMS-MML_HTMLorMML:19)
  loadComplete (https://mathjax.zybooks.com/2.7.5/MathJax.js?config=TeX-AMS-MML_HTMLorMML:19)

  phantomjs://platform/console++.js:263 in error
[INFO  - 2019-02-16T18:06:12.783Z] SessionManagerReqHand - _cleanupWindowlessSessions - Asynchronous Sessions clean-up phase starting NOW
[INFO  - 2019-02-16T18:11:12.784Z] SessionManagerReqHand - _cleanupWindowlessSessions - Asynchronous Sessions clean-up phase starting NOW
[INFO  - 2019-02-16T18:16:12.784Z] SessionManagerReqHand - _cleanupWindowlessSessions - Asynchronous Sessions clean-up phase starting NOW
[INFO  - 2019-02-16T18:21:12.787Z] SessionManagerReqHand - _cleanupWindowlessSessions - Asynchronous Sessions clean-up phase starting NOW
[INFO  - 2019-02-16T18:26:12.787Z] SessionManagerReqHand - _cleanupWindowlessSessions - Asynchronous Sessions clean-up phase starting NOW
[INFO  - 2019-02-16T19:00:16.530Z] SessionManagerReqHand - _cleanupWindowlessSessions - Asynchronous Sessions clean-up phase starting NOW
[INFO  - 2019-02-16T19:05:16.530Z] SessionManagerReqHand - _cleanupWindowlessSessions - Asynchronous Sessions clean-up phase starting NOW
